[28-Oct-2024 15:08:22 UTC] PHP Warning:  Attempt to read property "title" on null in /var/www/html/wp-includes/class-wp-customize-widgets.php on line 905
[28-Oct-2024 15:08:58 UTC] PHP Warning:  Attempt to read property "title" on null in /var/www/html/wp-includes/class-wp-customize-widgets.php on line 905
[28-Oct-2024 15:10:19 UTC] PHP Deprecated:  File Theme without header.php is <strong>deprecated</strong> since version 3.0.0 with no alternative available. Please include a header.php template in your theme. in /var/www/html/wp-includes/functions.php on line 6085
[28-Oct-2024 15:10:19 UTC] PHP Deprecated:  File Theme without footer.php is <strong>deprecated</strong> since version 3.0.0 with no alternative available. Please include a footer.php template in your theme. in /var/www/html/wp-includes/functions.php on line 6085
[28-Oct-2024 15:12:42 UTC] PHP Deprecated:  File Theme without header.php is <strong>deprecated</strong> since version 3.0.0 with no alternative available. Please include a header.php template in your theme. in /var/www/html/wp-includes/functions.php on line 6085
[28-Oct-2024 15:12:42 UTC] PHP Deprecated:  File Theme without footer.php is <strong>deprecated</strong> since version 3.0.0 with no alternative available. Please include a footer.php template in your theme. in /var/www/html/wp-includes/functions.php on line 6085
[28-Oct-2024 15:14:08 UTC] PHP Deprecated:  File Theme without header.php is <strong>deprecated</strong> since version 3.0.0 with no alternative available. Please include a header.php template in your theme. in /var/www/html/wp-includes/functions.php on line 6085
[28-Oct-2024 15:14:08 UTC] PHP Deprecated:  File Theme without footer.php is <strong>deprecated</strong> since version 3.0.0 with no alternative available. Please include a footer.php template in your theme. in /var/www/html/wp-includes/functions.php on line 6085
[28-Oct-2024 15:14:50 UTC] PHP Warning:  Attempt to read property "title" on null in /var/www/html/wp-includes/class-wp-customize-widgets.php on line 905
[28-Oct-2024 15:14:50 UTC] PHP Deprecated:  File Theme without header.php is <strong>deprecated</strong> since version 3.0.0 with no alternative available. Please include a header.php template in your theme. in /var/www/html/wp-includes/functions.php on line 6085
[28-Oct-2024 15:14:50 UTC] PHP Deprecated:  File Theme without footer.php is <strong>deprecated</strong> since version 3.0.0 with no alternative available. Please include a footer.php template in your theme. in /var/www/html/wp-includes/functions.php on line 6085
[28-Oct-2024 15:14:56 UTC] PHP Deprecated:  File Theme without header.php is <strong>deprecated</strong> since version 3.0.0 with no alternative available. Please include a header.php template in your theme. in /var/www/html/wp-includes/functions.php on line 6085
[28-Oct-2024 15:14:56 UTC] PHP Deprecated:  File Theme without footer.php is <strong>deprecated</strong> since version 3.0.0 with no alternative available. Please include a footer.php template in your theme. in /var/www/html/wp-includes/functions.php on line 6085
[28-Oct-2024 15:15:19 UTC] PHP Deprecated:  File Theme without header.php is <strong>deprecated</strong> since version 3.0.0 with no alternative available. Please include a header.php template in your theme. in /var/www/html/wp-includes/functions.php on line 6085
[28-Oct-2024 15:15:19 UTC] PHP Deprecated:  File Theme without footer.php is <strong>deprecated</strong> since version 3.0.0 with no alternative available. Please include a footer.php template in your theme. in /var/www/html/wp-includes/functions.php on line 6085
[28-Oct-2024 15:17:53 UTC] PHP Deprecated:  File Theme without header.php is <strong>deprecated</strong> since version 3.0.0 with no alternative available. Please include a header.php template in your theme. in /var/www/html/wp-includes/functions.php on line 6085
[28-Oct-2024 15:17:53 UTC] PHP Deprecated:  File Theme without footer.php is <strong>deprecated</strong> since version 3.0.0 with no alternative available. Please include a footer.php template in your theme. in /var/www/html/wp-includes/functions.php on line 6085
[28-Oct-2024 15:18:22 UTC] PHP Deprecated:  File Theme without header.php is <strong>deprecated</strong> since version 3.0.0 with no alternative available. Please include a header.php template in your theme. in /var/www/html/wp-includes/functions.php on line 6085
[28-Oct-2024 15:18:22 UTC] PHP Deprecated:  File Theme without footer.php is <strong>deprecated</strong> since version 3.0.0 with no alternative available. Please include a footer.php template in your theme. in /var/www/html/wp-includes/functions.php on line 6085
[28-Oct-2024 15:18:24 UTC] PHP Deprecated:  File Theme without header.php is <strong>deprecated</strong> since version 3.0.0 with no alternative available. Please include a header.php template in your theme. in /var/www/html/wp-includes/functions.php on line 6085
[28-Oct-2024 15:18:24 UTC] PHP Deprecated:  File Theme without footer.php is <strong>deprecated</strong> since version 3.0.0 with no alternative available. Please include a footer.php template in your theme. in /var/www/html/wp-includes/functions.php on line 6085
[28-Oct-2024 15:18:29 UTC] PHP Deprecated:  File Theme without header.php is <strong>deprecated</strong> since version 3.0.0 with no alternative available. Please include a header.php template in your theme. in /var/www/html/wp-includes/functions.php on line 6085
[28-Oct-2024 15:18:29 UTC] PHP Deprecated:  File Theme without footer.php is <strong>deprecated</strong> since version 3.0.0 with no alternative available. Please include a footer.php template in your theme. in /var/www/html/wp-includes/functions.php on line 6085
[28-Oct-2024 15:43:11 UTC] PHP Deprecated:  File Theme without header.php is <strong>deprecated</strong> since version 3.0.0 with no alternative available. Please include a header.php template in your theme. in /var/www/html/wp-includes/functions.php on line 6085
[28-Oct-2024 15:43:11 UTC] PHP Deprecated:  File Theme without footer.php is <strong>deprecated</strong> since version 3.0.0 with no alternative available. Please include a footer.php template in your theme. in /var/www/html/wp-includes/functions.php on line 6085
[28-Oct-2024 15:43:21 UTC] PHP Warning:  Attempt to read property "title" on null in /var/www/html/wp-includes/class-wp-customize-widgets.php on line 905
[28-Oct-2024 15:56:29 UTC] PHP Warning:  Attempt to read property "title" on null in /var/www/html/wp-includes/class-wp-customize-widgets.php on line 905
[28-Oct-2024 15:56:30 UTC] PHP Deprecated:  File Theme without header.php is <strong>deprecated</strong> since version 3.0.0 with no alternative available. Please include a header.php template in your theme. in /var/www/html/wp-includes/functions.php on line 6085
[28-Oct-2024 15:56:30 UTC] PHP Deprecated:  File Theme without footer.php is <strong>deprecated</strong> since version 3.0.0 with no alternative available. Please include a footer.php template in your theme. in /var/www/html/wp-includes/functions.php on line 6085
[28-Oct-2024 15:57:29 UTC] PHP Deprecated:  File Theme without header.php is <strong>deprecated</strong> since version 3.0.0 with no alternative available. Please include a header.php template in your theme. in /var/www/html/wp-includes/functions.php on line 6085
[28-Oct-2024 15:57:29 UTC] PHP Deprecated:  File Theme without footer.php is <strong>deprecated</strong> since version 3.0.0 with no alternative available. Please include a footer.php template in your theme. in /var/www/html/wp-includes/functions.php on line 6085
[28-Oct-2024 15:58:34 UTC] PHP Warning:  Attempt to read property "title" on null in /var/www/html/wp-includes/class-wp-customize-widgets.php on line 905
[28-Oct-2024 15:58:35 UTC] PHP Deprecated:  File Theme without header.php is <strong>deprecated</strong> since version 3.0.0 with no alternative available. Please include a header.php template in your theme. in /var/www/html/wp-includes/functions.php on line 6085
[28-Oct-2024 15:58:35 UTC] PHP Deprecated:  File Theme without footer.php is <strong>deprecated</strong> since version 3.0.0 with no alternative available. Please include a footer.php template in your theme. in /var/www/html/wp-includes/functions.php on line 6085
[28-Oct-2024 15:58:40 UTC] PHP Deprecated:  File Theme without header.php is <strong>deprecated</strong> since version 3.0.0 with no alternative available. Please include a header.php template in your theme. in /var/www/html/wp-includes/functions.php on line 6085
[28-Oct-2024 15:58:40 UTC] PHP Deprecated:  File Theme without footer.php is <strong>deprecated</strong> since version 3.0.0 with no alternative available. Please include a footer.php template in your theme. in /var/www/html/wp-includes/functions.php on line 6085
[28-Oct-2024 16:00:28 UTC] PHP Deprecated:  File Theme without header.php is <strong>deprecated</strong> since version 3.0.0 with no alternative available. Please include a header.php template in your theme. in /var/www/html/wp-includes/functions.php on line 6085
[28-Oct-2024 16:00:28 UTC] PHP Deprecated:  File Theme without footer.php is <strong>deprecated</strong> since version 3.0.0 with no alternative available. Please include a footer.php template in your theme. in /var/www/html/wp-includes/functions.php on line 6085
[28-Oct-2024 16:25:31 UTC] PHP Warning:  Attempt to read property "title" on null in /var/www/html/wp-includes/class-wp-customize-widgets.php on line 905
[28-Oct-2024 16:25:59 UTC] PHP Warning:  Attempt to read property "title" on null in /var/www/html/wp-includes/class-wp-customize-widgets.php on line 905
[28-Oct-2024 17:32:08 UTC] PHP Warning:  Attempt to read property "title" on null in /var/www/html/wp-includes/class-wp-customize-widgets.php on line 905
[28-Oct-2024 17:39:30 UTC] PHP Warning:  Cannot modify header information - headers already sent by (output started at /var/www/html/wp-content/themes/custom-landing-page/functions.php:2) in /var/www/html/wp-admin/admin-ajax.php on line 27
[28-Oct-2024 17:39:30 UTC] PHP Warning:  Cannot modify header information - headers already sent by (output started at /var/www/html/wp-content/themes/custom-landing-page/functions.php:2) in /var/www/html/wp-admin/admin-ajax.php on line 28
[28-Oct-2024 17:39:30 UTC] PHP Warning:  Cannot modify header information - headers already sent by (output started at /var/www/html/wp-content/themes/custom-landing-page/functions.php:2) in /var/www/html/wp-includes/functions.php on line 6995
[28-Oct-2024 17:39:30 UTC] PHP Warning:  Cannot modify header information - headers already sent by (output started at /var/www/html/wp-content/themes/custom-landing-page/functions.php:2) in /var/www/html/wp-admin/includes/misc.php on line 1438
[28-Oct-2024 17:39:30 UTC] PHP Warning:  Cannot modify header information - headers already sent by (output started at /var/www/html/wp-content/themes/custom-landing-page/functions.php:2) in /var/www/html/wp-includes/functions.php on line 7108
[28-Oct-2024 17:41:15 UTC] PHP Warning:  Cannot modify header information - headers already sent by (output started at /var/www/html/wp-content/themes/custom-landing-page/functions.php:2) in /var/www/html/wp-admin/admin-ajax.php on line 27
[28-Oct-2024 17:41:15 UTC] PHP Warning:  Cannot modify header information - headers already sent by (output started at /var/www/html/wp-content/themes/custom-landing-page/functions.php:2) in /var/www/html/wp-admin/admin-ajax.php on line 28
[28-Oct-2024 17:41:15 UTC] PHP Warning:  Cannot modify header information - headers already sent by (output started at /var/www/html/wp-content/themes/custom-landing-page/functions.php:2) in /var/www/html/wp-includes/functions.php on line 6995
[28-Oct-2024 17:41:15 UTC] PHP Warning:  Cannot modify header information - headers already sent by (output started at /var/www/html/wp-content/themes/custom-landing-page/functions.php:2) in /var/www/html/wp-admin/includes/misc.php on line 1438
[28-Oct-2024 17:41:15 UTC] PHP Warning:  Cannot modify header information - headers already sent by (output started at /var/www/html/wp-content/themes/custom-landing-page/functions.php:2) in /var/www/html/wp-includes/functions.php on line 7108
[28-Oct-2024 17:41:18 UTC] PHP Warning:  Cannot modify header information - headers already sent by (output started at /var/www/html/wp-content/themes/custom-landing-page/functions.php:2) in /var/www/html/wp-admin/includes/misc.php on line 1438
[28-Oct-2024 17:41:18 UTC] PHP Warning:  Cannot modify header information - headers already sent by (output started at /var/www/html/wp-content/themes/custom-landing-page/functions.php:2) in /var/www/html/wp-includes/functions.php on line 7108
[28-Oct-2024 17:41:19 UTC] PHP Warning:  Cannot modify header information - headers already sent by (output started at /var/www/html/wp-content/themes/custom-landing-page/functions.php:2) in /var/www/html/wp-admin/admin-header.php on line 9
[28-Oct-2024 17:42:20 UTC] PHP Warning:  Cannot modify header information - headers already sent by (output started at /var/www/html/wp-content/themes/custom-landing-page/functions.php:2) in /var/www/html/wp-admin/admin-ajax.php on line 27
[28-Oct-2024 17:42:20 UTC] PHP Warning:  Cannot modify header information - headers already sent by (output started at /var/www/html/wp-content/themes/custom-landing-page/functions.php:2) in /var/www/html/wp-admin/admin-ajax.php on line 28
[28-Oct-2024 17:42:20 UTC] PHP Warning:  Cannot modify header information - headers already sent by (output started at /var/www/html/wp-content/themes/custom-landing-page/functions.php:2) in /var/www/html/wp-includes/functions.php on line 6995
[28-Oct-2024 17:42:20 UTC] PHP Warning:  Cannot modify header information - headers already sent by (output started at /var/www/html/wp-content/themes/custom-landing-page/functions.php:2) in /var/www/html/wp-admin/includes/misc.php on line 1438
[28-Oct-2024 17:42:20 UTC] PHP Warning:  Cannot modify header information - headers already sent by (output started at /var/www/html/wp-content/themes/custom-landing-page/functions.php:2) in /var/www/html/wp-includes/functions.php on line 7108
[28-Oct-2024 17:44:22 UTC] PHP Warning:  Cannot modify header information - headers already sent by (output started at /var/www/html/wp-content/themes/custom-landing-page/functions.php:2) in /var/www/html/wp-admin/admin-ajax.php on line 27
[28-Oct-2024 17:44:22 UTC] PHP Warning:  Cannot modify header information - headers already sent by (output started at /var/www/html/wp-content/themes/custom-landing-page/functions.php:2) in /var/www/html/wp-admin/admin-ajax.php on line 28
[28-Oct-2024 17:44:22 UTC] PHP Warning:  Cannot modify header information - headers already sent by (output started at /var/www/html/wp-content/themes/custom-landing-page/functions.php:2) in /var/www/html/wp-includes/functions.php on line 6995
[28-Oct-2024 17:44:22 UTC] PHP Warning:  Cannot modify header information - headers already sent by (output started at /var/www/html/wp-content/themes/custom-landing-page/functions.php:2) in /var/www/html/wp-admin/includes/misc.php on line 1438
[28-Oct-2024 17:44:22 UTC] PHP Warning:  Cannot modify header information - headers already sent by (output started at /var/www/html/wp-content/themes/custom-landing-page/functions.php:2) in /var/www/html/wp-includes/functions.php on line 7108
[28-Oct-2024 17:46:22 UTC] PHP Warning:  Cannot modify header information - headers already sent by (output started at /var/www/html/wp-content/themes/custom-landing-page/functions.php:2) in /var/www/html/wp-admin/admin-ajax.php on line 27
[28-Oct-2024 17:46:22 UTC] PHP Warning:  Cannot modify header information - headers already sent by (output started at /var/www/html/wp-content/themes/custom-landing-page/functions.php:2) in /var/www/html/wp-admin/admin-ajax.php on line 28
[28-Oct-2024 17:46:22 UTC] PHP Warning:  Cannot modify header information - headers already sent by (output started at /var/www/html/wp-content/themes/custom-landing-page/functions.php:2) in /var/www/html/wp-includes/functions.php on line 6995
[28-Oct-2024 17:46:22 UTC] PHP Warning:  Cannot modify header information - headers already sent by (output started at /var/www/html/wp-content/themes/custom-landing-page/functions.php:2) in /var/www/html/wp-admin/includes/misc.php on line 1438
[28-Oct-2024 17:46:22 UTC] PHP Warning:  Cannot modify header information - headers already sent by (output started at /var/www/html/wp-content/themes/custom-landing-page/functions.php:2) in /var/www/html/wp-includes/functions.php on line 7108
[28-Oct-2024 17:48:22 UTC] PHP Warning:  Cannot modify header information - headers already sent by (output started at /var/www/html/wp-content/themes/custom-landing-page/functions.php:2) in /var/www/html/wp-admin/admin-ajax.php on line 27
[28-Oct-2024 17:48:22 UTC] PHP Warning:  Cannot modify header information - headers already sent by (output started at /var/www/html/wp-content/themes/custom-landing-page/functions.php:2) in /var/www/html/wp-admin/admin-ajax.php on line 28
[28-Oct-2024 17:48:22 UTC] PHP Warning:  Cannot modify header information - headers already sent by (output started at /var/www/html/wp-content/themes/custom-landing-page/functions.php:2) in /var/www/html/wp-includes/functions.php on line 6995
[28-Oct-2024 17:48:22 UTC] PHP Warning:  Cannot modify header information - headers already sent by (output started at /var/www/html/wp-content/themes/custom-landing-page/functions.php:2) in /var/www/html/wp-admin/includes/misc.php on line 1438
[28-Oct-2024 17:48:22 UTC] PHP Warning:  Cannot modify header information - headers already sent by (output started at /var/www/html/wp-content/themes/custom-landing-page/functions.php:2) in /var/www/html/wp-includes/functions.php on line 7108
[28-Oct-2024 17:49:22 UTC] PHP Warning:  Cannot modify header information - headers already sent by (output started at /var/www/html/wp-content/themes/custom-landing-page/functions.php:2) in /var/www/html/wp-admin/admin-ajax.php on line 27
[28-Oct-2024 17:49:22 UTC] PHP Warning:  Cannot modify header information - headers already sent by (output started at /var/www/html/wp-content/themes/custom-landing-page/functions.php:2) in /var/www/html/wp-admin/admin-ajax.php on line 28
[28-Oct-2024 17:49:22 UTC] PHP Warning:  Cannot modify header information - headers already sent by (output started at /var/www/html/wp-content/themes/custom-landing-page/functions.php:2) in /var/www/html/wp-includes/functions.php on line 6995
[28-Oct-2024 17:49:22 UTC] PHP Warning:  Cannot modify header information - headers already sent by (output started at /var/www/html/wp-content/themes/custom-landing-page/functions.php:2) in /var/www/html/wp-admin/includes/misc.php on line 1438
[28-Oct-2024 17:49:22 UTC] PHP Warning:  Cannot modify header information - headers already sent by (output started at /var/www/html/wp-content/themes/custom-landing-page/functions.php:2) in /var/www/html/wp-includes/functions.php on line 7108
[28-Oct-2024 17:50:22 UTC] PHP Warning:  Cannot modify header information - headers already sent by (output started at /var/www/html/wp-content/themes/custom-landing-page/functions.php:2) in /var/www/html/wp-admin/admin-ajax.php on line 27
[28-Oct-2024 17:50:22 UTC] PHP Warning:  Cannot modify header information - headers already sent by (output started at /var/www/html/wp-content/themes/custom-landing-page/functions.php:2) in /var/www/html/wp-admin/admin-ajax.php on line 28
[28-Oct-2024 17:50:22 UTC] PHP Warning:  Cannot modify header information - headers already sent by (output started at /var/www/html/wp-content/themes/custom-landing-page/functions.php:2) in /var/www/html/wp-includes/functions.php on line 6995
[28-Oct-2024 17:50:22 UTC] PHP Warning:  Cannot modify header information - headers already sent by (output started at /var/www/html/wp-content/themes/custom-landing-page/functions.php:2) in /var/www/html/wp-admin/includes/misc.php on line 1438
[28-Oct-2024 17:50:22 UTC] PHP Warning:  Cannot modify header information - headers already sent by (output started at /var/www/html/wp-content/themes/custom-landing-page/functions.php:2) in /var/www/html/wp-includes/functions.php on line 7108
[28-Oct-2024 18:00:09 UTC] PHP Warning:  Attempt to read property "title" on null in /var/www/html/wp-includes/class-wp-customize-widgets.php on line 905
[28-Oct-2024 18:52:46 UTC] PHP Warning:  Undefined variable $break_text in /var/www/html/wp-content/themes/custom-landing-page/index.php on line 22
